2017-05-05 19:16:43,726 [26] DEBUG ApplicationLogger [(null)] - 日志服务开启成功！
2017-05-05 19:16:54,395 [6] DEBUG ApplicationLogger [(null)] - PoController无参数构造函数初始化！
2017-05-05 19:18:41,332 [1] DEBUG ApplicationLogger [(null)] - 日志服务开启成功！
2017-05-05 19:19:13,062 [10] DEBUG ApplicationLogger [(null)] - PoController无参数构造函数初始化！
2017-05-05 19:21:13,735 [15] DEBUG ApplicationLogger [(null)] - PoController无参数构造函数初始化！
2017-05-05 19:22:42,096 [1] DEBUG ApplicationLogger [(null)] - 日志服务开启成功！
2017-05-05 19:24:22,160 [5] DEBUG ApplicationLogger [(null)] - PoController无参数构造函数初始化！
2017-05-05 19:25:13,890 [1] DEBUG ApplicationLogger [(null)] - 日志服务开启成功！
2017-05-05 19:25:14,191 [11] DEBUG ApplicationLogger [(null)] - PoController无参数构造函数初始化！
2017-05-05 19:25:14,461 [11] DEBUG ApplicationLogger [(null)] - PoServicey一个参数构造函数
2017-05-05 19:25:14,465 [11] DEBUG ApplicationLogger [(null)] - 初始化PoBusiness
2017-05-05 19:27:53,744 [1] DEBUG ApplicationLogger [(null)] - 日志服务开启成功！
2017-05-05 19:27:54,011 [5] DEBUG ApplicationLogger [(null)] - PoController无参数构造函数初始化！
2017-05-05 19:27:54,272 [5] DEBUG ApplicationLogger [(null)] - PoServicey一个参数构造函数
2017-05-05 19:27:54,277 [5] DEBUG ApplicationLogger [(null)] - 一个参数构造函数初始化PoRepository
2017-05-05 19:27:54,861 [5] ERROR ApplicationLogger [(null)] - 执行请求时出现异常！错误信息：Mapper not initialized. Call Initialize with appropriate configuration. If you are trying to use mapper instances through a container or otherwise, make sure you do not have any calls to the static Mapper.Map methods, and if you're using ProjectTo or UseAsDataSource extension methods, make sure you pass in the appropriate IConfigurationProvider instance.，请求参数：
System.InvalidOperationException: Mapper not initialized. Call Initialize with appropriate configuration. If you are trying to use mapper instances through a container or otherwise, make sure you do not have any calls to the static Mapper.Map methods, and if you're using ProjectTo or UseAsDataSource extension methods, make sure you pass in the appropriate IConfigurationProvider instance.
   在 AutoMapper.Mapper.get_Configuration()
   在 AutoMapper.QueryableExtensions.Extensions.ProjectTo[TDestination](IQueryable source, Expression`1[] membersToExpand)
   在 Infrastructure.Repositories.Purchase.PoRepository.GetList(Expression`1 predicate) 位置 E:\study\WebApi\Business\Repositories\Purchase\PoRepository.cs:行号 23
   在 WebApi.Controllers.Purchase.PoController.Search(Paramater paramater) 位置 E:\study\WebApi\WebApi\Controllers\Purchase\PoController.cs:行号 45
   在 lambda_method(Closure , Object , Object[] )
   在 System.Web.Http.Controllers.ReflectedHttpActionDescriptor.ActionExecutor.<>c__DisplayClass10.<GetExecutor>b__9(Object instance, Object[] methodParameters)
   在 System.Web.Http.Controllers.ReflectedHttpActionDescriptor.ActionExecutor.Execute(Object instance, Object[] arguments)
   在 System.Web.Http.Controllers.ReflectedHttpActionDescriptor.ExecuteAsync(HttpControllerContext controllerContext, IDictionary`2 arguments, CancellationToken cancellationToken)
--- 引发异常的上一位置中堆栈跟踪的末尾 ---
   在 System.Runtime.CompilerServices.TaskAwaiter.ThrowForNonSuccess(Task task)
   在 System.Runtime.CompilerServices.TaskAwaiter.HandleNonSuccessAndDebuggerNotification(Task task)
   在 System.Web.Http.Controllers.ApiControllerActionInvoker.<InvokeActionAsyncCore>d__0.MoveNext()
--- 引发异常的上一位置中堆栈跟踪的末尾 ---
   在 System.Runtime.CompilerServices.TaskAwaiter.ThrowForNonSuccess(Task task)
   在 System.Runtime.CompilerServices.TaskAwaiter.HandleNonSuccessAndDebuggerNotification(Task task)
   在 System.Web.Http.Controllers.ActionFilterResult.<ExecuteAsync>d__2.MoveNext()
--- 引发异常的上一位置中堆栈跟踪的末尾 ---
   在 System.Runtime.CompilerServices.TaskAwaiter.ThrowForNonSuccess(Task task)
   在 System.Runtime.CompilerServices.TaskAwaiter.HandleNonSuccessAndDebuggerNotification(Task task)
   在 System.Web.Http.Controllers.ExceptionFilterResult.<ExecuteAsync>d__0.MoveNext()
2017-05-05 19:28:13,224 [17] DEBUG ApplicationLogger [(null)] - PoController无参数构造函数初始化！
2017-05-05 19:28:13,230 [17] DEBUG ApplicationLogger [(null)] - PoServicey一个参数构造函数
2017-05-05 19:28:13,231 [17] DEBUG ApplicationLogger [(null)] - 一个参数构造函数初始化PoRepository
2017-05-05 19:28:13,234 [17] ERROR ApplicationLogger [(null)] - 执行请求时出现异常！错误信息：Mapper not initialized. Call Initialize with appropriate configuration. If you are trying to use mapper instances through a container or otherwise, make sure you do not have any calls to the static Mapper.Map methods, and if you're using ProjectTo or UseAsDataSource extension methods, make sure you pass in the appropriate IConfigurationProvider instance.，请求参数：
System.InvalidOperationException: Mapper not initialized. Call Initialize with appropriate configuration. If you are trying to use mapper instances through a container or otherwise, make sure you do not have any calls to the static Mapper.Map methods, and if you're using ProjectTo or UseAsDataSource extension methods, make sure you pass in the appropriate IConfigurationProvider instance.
   在 AutoMapper.Mapper.get_Configuration()
   在 AutoMapper.QueryableExtensions.Extensions.ProjectTo[TDestination](IQueryable source, Expression`1[] membersToExpand)
   在 Infrastructure.Repositories.Purchase.PoRepository.GetList(Expression`1 predicate) 位置 E:\study\WebApi\Business\Repositories\Purchase\PoRepository.cs:行号 23
   在 WebApi.Controllers.Purchase.PoController.Search(Paramater paramater) 位置 E:\study\WebApi\WebApi\Controllers\Purchase\PoController.cs:行号 45
   在 lambda_method(Closure , Object , Object[] )
   在 System.Web.Http.Controllers.ReflectedHttpActionDescriptor.ActionExecutor.<>c__DisplayClass10.<GetExecutor>b__9(Object instance, Object[] methodParameters)
   在 System.Web.Http.Controllers.ReflectedHttpActionDescriptor.ActionExecutor.Execute(Object instance, Object[] arguments)
   在 System.Web.Http.Controllers.ReflectedHttpActionDescriptor.ExecuteAsync(HttpControllerContext controllerContext, IDictionary`2 arguments, CancellationToken cancellationToken)
--- 引发异常的上一位置中堆栈跟踪的末尾 ---
   在 System.Runtime.CompilerServices.TaskAwaiter.ThrowForNonSuccess(Task task)
   在 System.Runtime.CompilerServices.TaskAwaiter.HandleNonSuccessAndDebuggerNotification(Task task)
   在 System.Web.Http.Controllers.ApiControllerActionInvoker.<InvokeActionAsyncCore>d__0.MoveNext()
--- 引发异常的上一位置中堆栈跟踪的末尾 ---
   在 System.Runtime.CompilerServices.TaskAwaiter.ThrowForNonSuccess(Task task)
   在 System.Runtime.CompilerServices.TaskAwaiter.HandleNonSuccessAndDebuggerNotification(Task task)
   在 System.Web.Http.Controllers.ActionFilterResult.<ExecuteAsync>d__2.MoveNext()
--- 引发异常的上一位置中堆栈跟踪的末尾 ---
   在 System.Runtime.CompilerServices.TaskAwaiter.ThrowForNonSuccess(Task task)
   在 System.Runtime.CompilerServices.TaskAwaiter.HandleNonSuccessAndDebuggerNotification(Task task)
   在 System.Web.Http.Controllers.ExceptionFilterResult.<ExecuteAsync>d__0.MoveNext()
2017-05-05 19:28:42,993 [15] DEBUG ApplicationLogger [(null)] - PoController无参数构造函数初始化！
2017-05-05 19:28:42,993 [15] DEBUG ApplicationLogger [(null)] - PoServicey一个参数构造函数
2017-05-05 19:28:42,994 [15] DEBUG ApplicationLogger [(null)] - 一个参数构造函数初始化PoRepository
2017-05-05 19:28:42,996 [15] ERROR ApplicationLogger [(null)] - 执行请求时出现异常！错误信息：Mapper not initialized. Call Initialize with appropriate configuration. If you are trying to use mapper instances through a container or otherwise, make sure you do not have any calls to the static Mapper.Map methods, and if you're using ProjectTo or UseAsDataSource extension methods, make sure you pass in the appropriate IConfigurationProvider instance.，请求参数：
System.InvalidOperationException: Mapper not initialized. Call Initialize with appropriate configuration. If you are trying to use mapper instances through a container or otherwise, make sure you do not have any calls to the static Mapper.Map methods, and if you're using ProjectTo or UseAsDataSource extension methods, make sure you pass in the appropriate IConfigurationProvider instance.
   在 AutoMapper.Mapper.get_Configuration()
   在 AutoMapper.QueryableExtensions.Extensions.ProjectTo[TDestination](IQueryable source, Expression`1[] membersToExpand)
   在 Infrastructure.Repositories.Purchase.PoRepository.GetList(Expression`1 predicate) 位置 E:\study\WebApi\Business\Repositories\Purchase\PoRepository.cs:行号 23
   在 WebApi.Controllers.Purchase.PoController.Search(Paramater paramater) 位置 E:\study\WebApi\WebApi\Controllers\Purchase\PoController.cs:行号 45
   在 lambda_method(Closure , Object , Object[] )
   在 System.Web.Http.Controllers.ReflectedHttpActionDescriptor.ActionExecutor.<>c__DisplayClass10.<GetExecutor>b__9(Object instance, Object[] methodParameters)
   在 System.Web.Http.Controllers.ReflectedHttpActionDescriptor.ActionExecutor.Execute(Object instance, Object[] arguments)
   在 System.Web.Http.Controllers.ReflectedHttpActionDescriptor.ExecuteAsync(HttpControllerContext controllerContext, IDictionary`2 arguments, CancellationToken cancellationToken)
--- 引发异常的上一位置中堆栈跟踪的末尾 ---
   在 System.Runtime.CompilerServices.TaskAwaiter.ThrowForNonSuccess(Task task)
   在 System.Runtime.CompilerServices.TaskAwaiter.HandleNonSuccessAndDebuggerNotification(Task task)
   在 System.Web.Http.Controllers.ApiControllerActionInvoker.<InvokeActionAsyncCore>d__0.MoveNext()
--- 引发异常的上一位置中堆栈跟踪的末尾 ---
   在 System.Runtime.CompilerServices.TaskAwaiter.ThrowForNonSuccess(Task task)
   在 System.Runtime.CompilerServices.TaskAwaiter.HandleNonSuccessAndDebuggerNotification(Task task)
   在 System.Web.Http.Controllers.ActionFilterResult.<ExecuteAsync>d__2.MoveNext()
--- 引发异常的上一位置中堆栈跟踪的末尾 ---
   在 System.Runtime.CompilerServices.TaskAwaiter.ThrowForNonSuccess(Task task)
   在 System.Runtime.CompilerServices.TaskAwaiter.HandleNonSuccessAndDebuggerNotification(Task task)
   在 System.Web.Http.Controllers.ExceptionFilterResult.<ExecuteAsync>d__0.MoveNext()
2017-05-05 19:31:23,950 [22] DEBUG ApplicationLogger [(null)] - 日志服务开启成功！
2017-05-05 19:31:37,177 [3] DEBUG ApplicationLogger [(null)] - PoController无参数构造函数初始化！
2017-05-05 19:31:37,501 [3] DEBUG ApplicationLogger [(null)] - PoServicey一个参数构造函数
2017-05-05 19:31:37,988 [3] DEBUG ApplicationLogger [(null)] - 一个参数构造函数初始化PoRepository
2017-05-05 19:31:38,236 [3] ERROR ApplicationLogger [(null)] - 执行请求时出现异常！错误信息：Missing map from IInfrastructure.Models.Purchase.Po to IInfrastructure.Models.Purchase.Po. Create using Mapper.CreateMap<Po, Po>.，请求参数：
System.InvalidOperationException: Missing map from IInfrastructure.Models.Purchase.Po to IInfrastructure.Models.Purchase.Po. Create using Mapper.CreateMap<Po, Po>.
   在 AutoMapper.QueryableExtensions.ExpressionBuilder.CreateMapExpression(ExpressionRequest request, Expression instanceParameter, IDictionary`2 typePairCount)
   在 AutoMapper.QueryableExtensions.ExpressionBuilder.CreateMapExpression(ExpressionRequest request, IDictionary`2 typePairCount)
   在 AutoMapper.QueryableExtensions.ExpressionBuilder.CreateMapExpression(ExpressionRequest request)
   在 AutoMapper.LockingConcurrentDictionary`2.<>c__DisplayClass2_1.<.ctor>b__1()
   在 System.Lazy`1.CreateValue()
   在 System.Lazy`1.LazyInitValue()
   在 System.Lazy`1.get_Value()
   在 AutoMapper.QueryableExtensions.ExpressionBuilder.CreateMapExpression(Type sourceType, Type destinationType, IDictionary`2 parameters, MemberInfo[] membersToExpand)
   在 AutoMapper.QueryableExtensions.ProjectionExpression.To[TResult](IDictionary`2 parameters, IEnumerable`1 memberPathsToExpand)
   在 AutoMapper.QueryableExtensions.ProjectionExpression.To[TResult](Object parameters, Expression`1[] membersToExpand)
   在 AutoMapper.QueryableExtensions.Extensions.ProjectTo[TDestination](IQueryable source, IConfigurationProvider configuration, Object parameters, Expression`1[] membersToExpand)
   在 AutoMapper.QueryableExtensions.Extensions.ProjectTo[TDestination](IQueryable source, Expression`1[] membersToExpand)
   在 Infrastructure.Repositories.Purchase.PoRepository.GetList(Expression`1 predicate) 位置 E:\study\WebApi\Business\Repositories\Purchase\PoRepository.cs:行号 27
   在 WebApi.Controllers.Purchase.PoController.Search(Paramater paramater) 位置 E:\study\WebApi\WebApi\Controllers\Purchase\PoController.cs:行号 45
   在 lambda_method(Closure , Object , Object[] )
   在 System.Web.Http.Controllers.ReflectedHttpActionDescriptor.ActionExecutor.<>c__DisplayClass10.<GetExecutor>b__9(Object instance, Object[] methodParameters)
   在 System.Web.Http.Controllers.ReflectedHttpActionDescriptor.ActionExecutor.Execute(Object instance, Object[] arguments)
   在 System.Web.Http.Controllers.ReflectedHttpActionDescriptor.ExecuteAsync(HttpControllerContext controllerContext, IDictionary`2 arguments, CancellationToken cancellationToken)
--- 引发异常的上一位置中堆栈跟踪的末尾 ---
   在 System.Runtime.CompilerServices.TaskAwaiter.ThrowForNonSuccess(Task task)
   在 System.Runtime.CompilerServices.TaskAwaiter.HandleNonSuccessAndDebuggerNotification(Task task)
   在 System.Web.Http.Controllers.ApiControllerActionInvoker.<InvokeActionAsyncCore>d__0.MoveNext()
--- 引发异常的上一位置中堆栈跟踪的末尾 ---
   在 System.Runtime.CompilerServices.TaskAwaiter.ThrowForNonSuccess(Task task)
   在 System.Runtime.CompilerServices.TaskAwaiter.HandleNonSuccessAndDebuggerNotification(Task task)
   在 System.Web.Http.Controllers.ActionFilterResult.<ExecuteAsync>d__2.MoveNext()
--- 引发异常的上一位置中堆栈跟踪的末尾 ---
   在 System.Runtime.CompilerServices.TaskAwaiter.ThrowForNonSuccess(Task task)
   在 System.Runtime.CompilerServices.TaskAwaiter.HandleNonSuccessAndDebuggerNotification(Task task)
   在 System.Web.Http.Controllers.ExceptionFilterResult.<ExecuteAsync>d__0.MoveNext()
2017-05-05 19:37:48,062 [1] DEBUG ApplicationLogger [(null)] - 日志服务开启成功！
2017-05-05 19:37:59,469 [20] DEBUG ApplicationLogger [(null)] - PoController无参数构造函数初始化！
2017-05-05 19:37:59,755 [20] DEBUG ApplicationLogger [(null)] - PoServicey一个参数构造函数
2017-05-05 19:38:00,144 [20] DEBUG ApplicationLogger [(null)] - 一个参数构造函数初始化PoRepository
2017-05-09 15:16:06,143 [1] DEBUG ApplicationLogger [(null)] - 日志服务开启成功！
2017-05-09 15:30:38,315 [1] DEBUG ApplicationLogger [(null)] - 日志服务开启成功！
2017-05-09 15:31:47,518 [12] DEBUG ApplicationLogger [(null)] - PoController无参数构造函数初始化！
2017-05-09 15:31:47,604 [12] DEBUG ApplicationLogger [(null)] - PoServicey一个参数构造函数
2017-05-09 15:31:47,921 [12] DEBUG ApplicationLogger [(null)] - 一个参数构造函数初始化PoRepository
2017-05-13 16:40:00,038 [1] DEBUG ApplicationLogger [(null)] - 日志服务开启成功！
